<?xml version="1.0" encoding="UTF-8"?>
<testsuites name="jest tests" tests="2" failures="1" errors="0" time="2.882">
  <testsuite name="undefined" errors="0" failures="0" skipped="0" timestamp="2023-10-18T07:48:07" time="2.03" tests="1">
    <testcase classname=" Success Test renders successfully" name=" Success Test renders successfully" time="0.033">
    </testcase>
  </testsuite>
  <testsuite name="undefined" errors="0" failures="1" skipped="0" timestamp="2023-10-18T07:48:07" time="2.054" tests="1">
    <testcase classname=" Failure Test renders successfully" name=" Failure Test renders successfully" time="0.034">
      <failure>TestingLibraryElementError: Unable to find an element with the text: /Random test/i. This could be because the text is broken up by multiple elements. In this case, you can provide a function for your text matcher to make your matcher more flexible.

Ignored nodes: comments, script, style
&lt;body&gt;
  &lt;div&gt;
    &lt;div
      style=&quot;display: flex; justify-content: center;&quot;
    &gt;
      &lt;h2&gt;
         Failure test 
      &lt;/h2&gt;
    &lt;/div&gt;
  &lt;/div&gt;
&lt;/body&gt;
    at Object.getElementError (/Users/pritishsamal/Documents/pet-projects/harness-yarn-demo/node_modules/@testing-library/dom/dist/config.js:37:19)
    at /Users/pritishsamal/Documents/pet-projects/harness-yarn-demo/node_modules/@testing-library/dom/dist/query-helpers.js:76:38
    at /Users/pritishsamal/Documents/pet-projects/harness-yarn-demo/node_modules/@testing-library/dom/dist/query-helpers.js:52:17
    at /Users/pritishsamal/Documents/pet-projects/harness-yarn-demo/node_modules/@testing-library/dom/dist/query-helpers.js:95:19
    at Object.getByText (/Users/pritishsamal/Documents/pet-projects/harness-yarn-demo/src/tests/failure.test.js:12:25)
    at Promise.then.completed (/Users/pritishsamal/Documents/pet-projects/harness-yarn-demo/node_modules/jest-circus/build/utils.js:298:28)
    at new Promise (&lt;anonymous&gt;)
    at callAsyncCircusFn (/Users/pritishsamal/Documents/pet-projects/harness-yarn-demo/node_modules/jest-circus/build/utils.js:231:10)
    at _callCircusTest (/Users/pritishsamal/Documents/pet-projects/harness-yarn-demo/node_modules/jest-circus/build/run.js:316:40)
    at processTicksAndRejections (node:internal/process/task_queues:95:5)
    at _runTest (/Users/pritishsamal/Documents/pet-projects/harness-yarn-demo/node_modules/jest-circus/build/run.js:252:3)
    at _runTestsForDescribeBlock (/Users/pritishsamal/Documents/pet-projects/harness-yarn-demo/node_modules/jest-circus/build/run.js:126:9)
    at run (/Users/pritishsamal/Documents/pet-projects/harness-yarn-demo/node_modules/jest-circus/build/run.js:71:3)
    at runAndTransformResultsToJestFormat (/Users/pritishsamal/Documents/pet-projects/harness-yarn-demo/node_modules/jest-circus/build/legacy-code-todo-rewrite/jestAdapterInit.js:122:21)
    at jestAdapter (/Users/pritishsamal/Documents/pet-projects/harness-yarn-demo/node_modules/jest-circus/build/legacy-code-todo-rewrite/jestAdapter.js:79:19)
    at runTestInternal (/Users/pritishsamal/Documents/pet-projects/harness-yarn-demo/node_modules/jest-config/node_modules/jest-runner/build/runTest.js:367:16)
    at runTest (/Users/pritishsamal/Documents/pet-projects/harness-yarn-demo/node_modules/jest-config/node_modules/jest-runner/build/runTest.js:444:34)
    at Object.worker (/Users/pritishsamal/Documents/pet-projects/harness-yarn-demo/node_modules/jest-config/node_modules/jest-runner/build/testWorker.js:106:12)</failure>
    </testcase>
  </testsuite>
</testsuites>